mode: atomic
github.com/jcfox412/logarhythms/internal/utils/utils.go:18.65,19.27 1 3
github.com/jcfox412/logarhythms/internal/utils/utils.go:23.2,23.37 1 2
github.com/jcfox412/logarhythms/internal/utils/utils.go:27.2,30.20 3 1
github.com/jcfox412/logarhythms/internal/utils/utils.go:34.2,34.45 1 1
github.com/jcfox412/logarhythms/internal/utils/utils.go:19.27,21.3 1 1
github.com/jcfox412/logarhythms/internal/utils/utils.go:23.37,25.3 1 1
github.com/jcfox412/logarhythms/internal/utils/utils.go:30.20,32.3 1 1
github.com/jcfox412/logarhythms/internal/utils/utils.go:38.31,40.2 1 1
github.com/jcfox412/logarhythms/internal/utils/utils.go:44.27,50.2 4 1
github.com/jcfox412/logarhythms/internal/utils/utils.go:54.50,60.2 4 1
github.com/jcfox412/logarhythms/internal/utils/utils.go:64.31,70.2 4 1
github.com/jcfox412/logarhythms/internal/utils/utils.go:75.40,82.2 5 1
github.com/jcfox412/logarhythms/internal/utils/utils.go:84.34,86.2 1 1
github.com/jcfox412/logarhythms/internal/utils/utils.go:88.36,90.2 1 1
github.com/jcfox412/logarhythms/internal/utils/utils.go:92.37,94.2 1 2
github.com/jcfox412/logarhythms/internal/utils/utils.go:96.36,98.2 1 2
github.com/jcfox412/logarhythms/internal/utils/utils.go:100.54,102.2 1 6
github.com/jcfox412/logarhythms/internal/audio/audio.go:36.47,38.16 2 3
github.com/jcfox412/logarhythms/internal/audio/audio.go:42.2,45.8 1 1
github.com/jcfox412/logarhythms/internal/audio/audio.go:38.16,40.3 1 2
github.com/jcfox412/logarhythms/internal/audio/audio.go:49.43,51.2 1 4
github.com/jcfox412/logarhythms/internal/audio/audio.go:54.66,55.32 1 4
github.com/jcfox412/logarhythms/internal/audio/audio.go:59.2,61.38 2 2
github.com/jcfox412/logarhythms/internal/audio/audio.go:55.32,57.3 1 2
github.com/jcfox412/logarhythms/internal/audio/audio.go:67.30,74.2 1 0
github.com/jcfox412/logarhythms/internal/audio/audio.go:76.59,78.16 2 3
github.com/jcfox412/logarhythms/internal/audio/audio.go:82.2,85.16 3 2
github.com/jcfox412/logarhythms/internal/audio/audio.go:90.2,97.20 5 1
github.com/jcfox412/logarhythms/internal/audio/audio.go:78.16,80.3 1 1
github.com/jcfox412/logarhythms/internal/audio/audio.go:85.16,87.3 1 1
github.com/jcfox412/logarhythms/internal/audio/audio.go:100.45,102.2 1 9
github.com/jcfox412/logarhythms/internal/audio/audio.go:104.47,106.2 1 5
github.com/jcfox412/logarhythms/internal/models/track.go:29.39,30.20 1 5
github.com/jcfox412/logarhythms/internal/models/track.go:34.2,34.12 1 4
github.com/jcfox412/logarhythms/internal/models/track.go:30.20,32.3 1 1
github.com/jcfox412/logarhythms/internal/models/track.go:56.127,57.41 1 5
github.com/jcfox412/logarhythms/internal/models/track.go:63.2,63.98 1 4
github.com/jcfox412/logarhythms/internal/models/track.go:67.2,75.8 1 1
github.com/jcfox412/logarhythms/internal/models/track.go:57.41,58.47 1 5
github.com/jcfox412/logarhythms/internal/models/track.go:58.47,60.4 1 1
github.com/jcfox412/logarhythms/internal/models/track.go:63.98,65.3 1 3
github.com/jcfox412/logarhythms/internal/models/track.go:80.30,90.16 6 1
github.com/jcfox412/logarhythms/internal/models/track.go:94.2,97.18 3 1
github.com/jcfox412/logarhythms/internal/models/track.go:125.2,132.12 5 1
github.com/jcfox412/logarhythms/internal/models/track.go:90.16,92.3 1 0
github.com/jcfox412/logarhythms/internal/models/track.go:97.18,101.7 3 1
github.com/jcfox412/logarhythms/internal/models/track.go:101.7,102.11 1 2
github.com/jcfox412/logarhythms/internal/models/track.go:103.16,104.15 1 1
github.com/jcfox412/logarhythms/internal/models/track.go:105.24,106.66 1 1
github.com/jcfox412/logarhythms/internal/models/track.go:111.5,114.19 3 1
github.com/jcfox412/logarhythms/internal/models/track.go:118.5,120.24 2 1
github.com/jcfox412/logarhythms/internal/models/track.go:106.66,109.6 2 0
github.com/jcfox412/logarhythms/internal/models/track.go:114.19,116.6 1 0
github.com/jcfox412/logarhythms/internal/models/track.go:135.68,139.16 3 5
github.com/jcfox412/logarhythms/internal/models/track.go:143.2,146.42 3 4
github.com/jcfox412/logarhythms/internal/models/track.go:150.2,152.41 2 4
github.com/jcfox412/logarhythms/internal/models/track.go:164.2,166.21 2 4
github.com/jcfox412/logarhythms/internal/models/track.go:139.16,141.3 1 1
github.com/jcfox412/logarhythms/internal/models/track.go:146.42,148.3 1 0
github.com/jcfox412/logarhythms/internal/models/track.go:152.41,153.24 1 6
github.com/jcfox412/logarhythms/internal/models/track.go:161.3,161.37 1 6
github.com/jcfox412/logarhythms/internal/models/track.go:153.24,157.4 2 5
github.com/jcfox412/logarhythms/internal/models/track.go:157.9,159.4 1 1
github.com/jcfox412/logarhythms/internal/models/track.go:169.64,170.27 1 4
github.com/jcfox412/logarhythms/internal/models/track.go:174.2,174.29 1 3
github.com/jcfox412/logarhythms/internal/models/track.go:178.2,180.60 2 2
github.com/jcfox412/logarhythms/internal/models/track.go:170.27,172.3 1 1
github.com/jcfox412/logarhythms/internal/models/track.go:174.29,176.3 1 1
github.com/jcfox412/logarhythms/internal/models/track.go:183.46,187.43 3 4
github.com/jcfox412/logarhythms/internal/models/track.go:193.2,193.43 1 4
github.com/jcfox412/logarhythms/internal/models/track.go:197.2,197.50 1 4
github.com/jcfox412/logarhythms/internal/models/track.go:187.43,188.47 1 5
github.com/jcfox412/logarhythms/internal/models/track.go:188.47,190.4 1 4
github.com/jcfox412/logarhythms/internal/models/track.go:193.43,195.3 1 5
github.com/jcfox412/logarhythms/internal/models/track.go:200.90,201.25 1 4
github.com/jcfox412/logarhythms/internal/models/track.go:205.2,205.26 1 3
github.com/jcfox412/logarhythms/internal/models/track.go:209.2,209.27 1 2
github.com/jcfox412/logarhythms/internal/models/track.go:213.2,213.12 1 1
github.com/jcfox412/logarhythms/internal/models/track.go:201.25,203.3 1 1
github.com/jcfox412/logarhythms/internal/models/track.go:205.26,207.3 1 1
github.com/jcfox412/logarhythms/internal/models/track.go:209.27,211.3 1 1
github.com/jcfox412/logarhythms/internal/models/track.go:216.86,218.43 2 3
github.com/jcfox412/logarhythms/internal/models/track.go:222.2,222.41 1 3
github.com/jcfox412/logarhythms/internal/models/track.go:228.2,228.16 1 3
github.com/jcfox412/logarhythms/internal/models/track.go:218.43,220.3 1 12
github.com/jcfox412/logarhythms/internal/models/track.go:222.41,223.43 1 3
github.com/jcfox412/logarhythms/internal/models/track.go:223.43,225.4 1 5
github.com/jcfox412/logarhythms/internal/input/user_input.go:35.28,45.24 4 0
github.com/jcfox412/logarhythms/internal/input/user_input.go:81.2,81.12 1 0
github.com/jcfox412/logarhythms/internal/input/user_input.go:46.11,48.17 2 0
github.com/jcfox412/logarhythms/internal/input/user_input.go:52.3,52.37 1 0
github.com/jcfox412/logarhythms/internal/input/user_input.go:53.11,55.17 2 0
github.com/jcfox412/logarhythms/internal/input/user_input.go:59.3,59.37 1 0
github.com/jcfox412/logarhythms/internal/input/user_input.go:60.11,62.17 2 0
github.com/jcfox412/logarhythms/internal/input/user_input.go:66.3,66.37 1 0
github.com/jcfox412/logarhythms/internal/input/user_input.go:67.11,72.12 3 0
github.com/jcfox412/logarhythms/internal/input/user_input.go:73.11,75.13 2 0
github.com/jcfox412/logarhythms/internal/input/user_input.go:76.10,78.18 2 0
github.com/jcfox412/logarhythms/internal/input/user_input.go:48.17,50.4 1 0
github.com/jcfox412/logarhythms/internal/input/user_input.go:55.17,57.4 1 0
github.com/jcfox412/logarhythms/internal/input/user_input.go:62.17,64.4 1 0
github.com/jcfox412/logarhythms/internal/input/user_input.go:84.49,96.24 5 0
github.com/jcfox412/logarhythms/internal/input/user_input.go:116.2,117.12 2 0
github.com/jcfox412/logarhythms/internal/input/user_input.go:97.11,99.27 2 0
github.com/jcfox412/logarhythms/internal/input/user_input.go:100.11,102.27 2 0
github.com/jcfox412/logarhythms/internal/input/user_input.go:103.11,105.27 2 0
github.com/jcfox412/logarhythms/internal/input/user_input.go:106.11,107.15 1 0
github.com/jcfox412/logarhythms/internal/input/user_input.go:108.11,109.18 1 0
github.com/jcfox412/logarhythms/internal/input/user_input.go:110.10,113.13 3 0
github.com/jcfox412/logarhythms/internal/input/user_input.go:120.50,127.16 5 0
github.com/jcfox412/logarhythms/internal/input/user_input.go:132.2,135.12 3 0
github.com/jcfox412/logarhythms/internal/input/user_input.go:127.16,130.3 2 0
github.com/jcfox412/logarhythms/internal/input/user_input.go:138.53,143.47 4 0
github.com/jcfox412/logarhythms/internal/input/user_input.go:147.2,151.16 4 0
github.com/jcfox412/logarhythms/internal/input/user_input.go:156.2,156.16 1 0
github.com/jcfox412/logarhythms/internal/input/user_input.go:162.2,162.12 1 0
github.com/jcfox412/logarhythms/internal/input/user_input.go:143.47,146.3 2 0
github.com/jcfox412/logarhythms/internal/input/user_input.go:151.16,154.3 2 0
github.com/jcfox412/logarhythms/internal/input/user_input.go:156.16,158.3 1 0
github.com/jcfox412/logarhythms/internal/input/user_input.go:158.8,160.3 1 0
github.com/jcfox412/logarhythms/internal/input/user_input.go:165.52,172.16 5 0
github.com/jcfox412/logarhythms/internal/input/user_input.go:177.2,180.12 3 0
github.com/jcfox412/logarhythms/internal/input/user_input.go:172.16,175.3 2 0
github.com/jcfox412/logarhythms/internal/input/user_input.go:183.47,190.16 5 0
github.com/jcfox412/logarhythms/internal/input/user_input.go:195.2,198.12 3 0
github.com/jcfox412/logarhythms/internal/input/user_input.go:190.16,193.3 2 0
github.com/jcfox412/logarhythms/internal/input/user_input.go:201.78,202.33 1 0
github.com/jcfox412/logarhythms/internal/input/user_input.go:211.2,211.12 1 0
github.com/jcfox412/logarhythms/internal/input/user_input.go:202.33,203.31 1 0
github.com/jcfox412/logarhythms/internal/input/user_input.go:207.3,208.13 2 0
github.com/jcfox412/logarhythms/internal/input/user_input.go:203.31,205.4 1 0
github.com/jcfox412/logarhythms/internal/input/user_input.go:214.130,220.41 4 0
github.com/jcfox412/logarhythms/internal/input/user_input.go:227.2,227.98 1 0
github.com/jcfox412/logarhythms/internal/input/user_input.go:220.41,222.17 2 0
github.com/jcfox412/logarhythms/internal/input/user_input.go:222.17,224.4 1 0
github.com/jcfox412/logarhythms/internal/input/user_input.go:230.28,232.21 2 0
github.com/jcfox412/logarhythms/internal/input/user_input.go:236.2,236.11 1 0
github.com/jcfox412/logarhythms/internal/input/user_input.go:232.21,234.3 1 0
github.com/jcfox412/logarhythms/internal/input/user_input.go:239.89,241.16 2 0
github.com/jcfox412/logarhythms/internal/input/user_input.go:245.2,245.27 1 0
github.com/jcfox412/logarhythms/internal/input/user_input.go:249.2,249.27 1 0
github.com/jcfox412/logarhythms/internal/input/user_input.go:253.2,253.22 1 0
github.com/jcfox412/logarhythms/internal/input/user_input.go:241.16,243.3 1 0
github.com/jcfox412/logarhythms/internal/input/user_input.go:245.27,247.3 1 0
github.com/jcfox412/logarhythms/internal/input/user_input.go:249.27,251.3 1 0
github.com/jcfox412/logarhythms/internal/input/user_input.go:260.56,266.2 1 0
github.com/jcfox412/logarhythms/internal/input/user_input.go:268.49,274.2 1 0
github.com/jcfox412/logarhythms/internal/input/user_input.go:276.50,282.2 1 0
